<?xml version="1.0" encoding="UTF-8"?>
<!-- Generated by org.testng.reporters.JUnitXMLReporter -->
<testsuite ignored="4" hostname="C02YN84KLVCF" failures="1" tests="1" name="Foodics" time="2.241" errors="0" timestamp="2024-09-14T15:30:05 EET">
  <testcase classname="SmokeTests.APIs" name="TC1_Ensure_User_IsCreated_Successfully" time="2.135">
    <failure type="java.lang.AssertionError" message="User Avatar is not correct. expected [profile.avatar] but found [https://reqres.in/img/faces/1-image.jpg]">
      <![CDATA[java.lang.AssertionError: User Avatar is not correct. expected [profile.avatar] but found [https://reqres.in/img/faces/1-image.jpg]
at SmokeTests.APIs.TC1_Ensure_User_IsCreated_Successfully(APIs.java:26)
at java.base/java.util.ArrayList.forEach(ArrayList.java:1511)
at com.intellij.rt.testng.IDEARemoteTestNG.run(IDEARemoteTestNG.java:66)
at com.intellij.rt.testng.RemoteTestNGStarter.main(RemoteTestNGStarter.java:109)
... Removed 26 stack frames]]>
    </failure>
  </testcase> <!-- TC1_Ensure_User_IsCreated_Successfully -->
  <testcase classname="SmokeTests.APIs" name="TC2_Ensure_Retrieving_User" time="0.0">
    <ignored/>
  </testcase> <!-- TC2_Ensure_Retrieving_User -->
  <testcase classname="SmokeTests.APIs" name="TC5_List_Users" time="0.0">
    <ignored/>
  </testcase> <!-- TC5_List_Users -->
  <testcase classname="SmokeTests.APIs" name="TC3_Updating_User" time="0.0">
    <ignored/>
  </testcase> <!-- TC3_Updating_User -->
  <testcase classname="SmokeTests.APIs" name="TC4_Deleting_User" time="0.0">
    <ignored/>
  </testcase> <!-- TC4_Deleting_User -->
</testsuite> <!-- Foodics -->
